[2023-12-20T00:51:09.219+0000] {processor.py:161} INFO - Started process (PID=12914) to work on /opt/airflow/dags/script/frst.py
[2023-12-20T00:51:09.219+0000] {processor.py:830} INFO - Processing file /opt/airflow/dags/script/frst.py for tasks to queue
[2023-12-20T00:51:09.220+0000] {logging_mixin.py:188} INFO - [2023-12-20T00:51:09.220+0000] {dagbag.py:538} INFO - Filling up the DagBag from /opt/airflow/dags/script/frst.py
[2023-12-20T00:51:09.228+0000] {processor.py:840} INFO - DAG(s) 'simulate_data_loading_to_postgres' retrieved from /opt/airflow/dags/script/frst.py
[2023-12-20T00:51:10.038+0000] {logging_mixin.py:188} INFO - [2023-12-20T00:51:10.037+0000] {override.py:1769} INFO - Created Permission View: can delete on DAG:simulate_data_loading_to_postgres
[2023-12-20T00:51:10.303+0000] {logging_mixin.py:188} INFO - [2023-12-20T00:51:10.303+0000] {override.py:1769} INFO - Created Permission View: can edit on DAG:simulate_data_loading_to_postgres
[2023-12-20T00:51:10.857+0000] {logging_mixin.py:188} INFO - [2023-12-20T00:51:10.856+0000] {override.py:1769} INFO - Created Permission View: can read on DAG:simulate_data_loading_to_postgres
[2023-12-20T00:51:10.857+0000] {logging_mixin.py:188} INFO - [2023-12-20T00:51:10.857+0000] {dag.py:3033} INFO - Sync 1 DAGs
[2023-12-20T00:51:10.874+0000] {logging_mixin.py:188} INFO - [2023-12-20T00:51:10.874+0000] {dag.py:3055} INFO - Creating ORM DAG for simulate_data_loading_to_postgres
[2023-12-20T00:51:10.887+0000] {logging_mixin.py:188} INFO - [2023-12-20T00:51:10.887+0000] {dag.py:3820} INFO - Setting next_dagrun for simulate_data_loading_to_postgres to 2023-01-01T00:00:00+00:00, run_after=2023-01-02T00:00:00+00:00
[2023-12-20T00:51:11.185+0000] {processor.py:183} INFO - Processing /opt/airflow/dags/script/frst.py took 1.970 seconds
[2023-12-20T00:51:46.567+0000] {processor.py:161} INFO - Started process (PID=12972) to work on /opt/airflow/dags/script/frst.py
[2023-12-20T00:51:46.786+0000] {processor.py:830} INFO - Processing file /opt/airflow/dags/script/frst.py for tasks to queue
[2023-12-20T00:51:46.787+0000] {logging_mixin.py:188} INFO - [2023-12-20T00:51:46.787+0000] {dagbag.py:538} INFO - Filling up the DagBag from /opt/airflow/dags/script/frst.py
[2023-12-20T00:51:46.796+0000] {processor.py:840} INFO - DAG(s) 'simulate_data_loading_to_postgres' retrieved from /opt/airflow/dags/script/frst.py
[2023-12-20T00:51:46.821+0000] {logging_mixin.py:188} INFO - [2023-12-20T00:51:46.821+0000] {dag.py:3033} INFO - Sync 1 DAGs
[2023-12-20T00:51:46.852+0000] {logging_mixin.py:188} INFO - [2023-12-20T00:51:46.851+0000] {dag.py:3820} INFO - Setting next_dagrun for simulate_data_loading_to_postgres to 2023-01-01T00:00:00+00:00, run_after=2023-01-02T00:00:00+00:00
[2023-12-20T00:51:47.015+0000] {processor.py:183} INFO - Processing /opt/airflow/dags/script/frst.py took 0.452 seconds
[2023-12-20T00:52:18.922+0000] {processor.py:161} INFO - Started process (PID=13027) to work on /opt/airflow/dags/script/frst.py
[2023-12-20T00:52:18.923+0000] {processor.py:830} INFO - Processing file /opt/airflow/dags/script/frst.py for tasks to queue
[2023-12-20T00:52:18.923+0000] {logging_mixin.py:188} INFO - [2023-12-20T00:52:18.923+0000] {dagbag.py:538} INFO - Filling up the DagBag from /opt/airflow/dags/script/frst.py
[2023-12-20T00:52:19.253+0000] {processor.py:840} INFO - DAG(s) 'simulate_data_loading_to_postgres' retrieved from /opt/airflow/dags/script/frst.py
[2023-12-20T00:52:19.277+0000] {logging_mixin.py:188} INFO - [2023-12-20T00:52:19.277+0000] {dag.py:3033} INFO - Sync 1 DAGs
[2023-12-20T00:52:19.311+0000] {logging_mixin.py:188} INFO - [2023-12-20T00:52:19.311+0000] {dag.py:3820} INFO - Setting next_dagrun for simulate_data_loading_to_postgres to 2023-01-01T00:00:00+00:00, run_after=2023-01-02T00:00:00+00:00
[2023-12-20T00:52:20.066+0000] {processor.py:183} INFO - Processing /opt/airflow/dags/script/frst.py took 1.148 seconds
[2023-12-20T00:52:51.676+0000] {processor.py:161} INFO - Started process (PID=13077) to work on /opt/airflow/dags/script/frst.py
[2023-12-20T00:52:51.844+0000] {processor.py:830} INFO - Processing file /opt/airflow/dags/script/frst.py for tasks to queue
[2023-12-20T00:52:51.845+0000] {logging_mixin.py:188} INFO - [2023-12-20T00:52:51.845+0000] {dagbag.py:538} INFO - Filling up the DagBag from /opt/airflow/dags/script/frst.py
[2023-12-20T00:52:51.852+0000] {processor.py:840} INFO - DAG(s) 'simulate_data_loading_to_postgres' retrieved from /opt/airflow/dags/script/frst.py
[2023-12-20T00:52:51.873+0000] {logging_mixin.py:188} INFO - [2023-12-20T00:52:51.873+0000] {dag.py:3033} INFO - Sync 1 DAGs
[2023-12-20T00:52:51.912+0000] {logging_mixin.py:188} INFO - [2023-12-20T00:52:51.911+0000] {dag.py:3820} INFO - Setting next_dagrun for simulate_data_loading_to_postgres to 2023-01-01T00:00:00+00:00, run_after=2023-01-02T00:00:00+00:00
[2023-12-20T00:52:52.373+0000] {processor.py:183} INFO - Processing /opt/airflow/dags/script/frst.py took 0.701 seconds
[2023-12-20T00:53:22.404+0000] {processor.py:161} INFO - Started process (PID=13130) to work on /opt/airflow/dags/script/frst.py
[2023-12-20T00:53:22.508+0000] {processor.py:830} INFO - Processing file /opt/airflow/dags/script/frst.py for tasks to queue
[2023-12-20T00:53:22.509+0000] {logging_mixin.py:188} INFO - [2023-12-20T00:53:22.509+0000] {dagbag.py:538} INFO - Filling up the DagBag from /opt/airflow/dags/script/frst.py
[2023-12-20T00:53:22.516+0000] {processor.py:840} INFO - DAG(s) 'simulate_data_loading_to_postgres' retrieved from /opt/airflow/dags/script/frst.py
[2023-12-20T00:53:22.540+0000] {logging_mixin.py:188} INFO - [2023-12-20T00:53:22.539+0000] {dag.py:3033} INFO - Sync 1 DAGs
[2023-12-20T00:53:22.572+0000] {logging_mixin.py:188} INFO - [2023-12-20T00:53:22.572+0000] {dag.py:3820} INFO - Setting next_dagrun for simulate_data_loading_to_postgres to 2023-01-01T00:00:00+00:00, run_after=2023-01-02T00:00:00+00:00
[2023-12-20T00:53:22.717+0000] {processor.py:183} INFO - Processing /opt/airflow/dags/script/frst.py took 0.317 seconds
[2023-12-20T00:53:52.828+0000] {processor.py:161} INFO - Started process (PID=13184) to work on /opt/airflow/dags/script/frst.py
[2023-12-20T00:53:52.829+0000] {processor.py:830} INFO - Processing file /opt/airflow/dags/script/frst.py for tasks to queue
[2023-12-20T00:53:52.830+0000] {logging_mixin.py:188} INFO - [2023-12-20T00:53:52.830+0000] {dagbag.py:538} INFO - Filling up the DagBag from /opt/airflow/dags/script/frst.py
[2023-12-20T00:53:52.837+0000] {processor.py:840} INFO - DAG(s) 'simulate_data_loading_to_postgres' retrieved from /opt/airflow/dags/script/frst.py
[2023-12-20T00:53:52.861+0000] {logging_mixin.py:188} INFO - [2023-12-20T00:53:52.861+0000] {dag.py:3033} INFO - Sync 1 DAGs
[2023-12-20T00:53:52.892+0000] {logging_mixin.py:188} INFO - [2023-12-20T00:53:52.892+0000] {dag.py:3820} INFO - Setting next_dagrun for simulate_data_loading_to_postgres to 2023-01-01T00:00:00+00:00, run_after=2023-01-02T00:00:00+00:00
[2023-12-20T00:53:53.065+0000] {processor.py:183} INFO - Processing /opt/airflow/dags/script/frst.py took 0.241 seconds
[2023-12-20T00:54:23.182+0000] {processor.py:161} INFO - Started process (PID=13237) to work on /opt/airflow/dags/script/frst.py
[2023-12-20T00:54:23.282+0000] {processor.py:830} INFO - Processing file /opt/airflow/dags/script/frst.py for tasks to queue
[2023-12-20T00:54:23.283+0000] {logging_mixin.py:188} INFO - [2023-12-20T00:54:23.282+0000] {dagbag.py:538} INFO - Filling up the DagBag from /opt/airflow/dags/script/frst.py
[2023-12-20T00:54:23.289+0000] {processor.py:840} INFO - DAG(s) 'simulate_data_loading_to_postgres' retrieved from /opt/airflow/dags/script/frst.py
[2023-12-20T00:54:23.317+0000] {logging_mixin.py:188} INFO - [2023-12-20T00:54:23.317+0000] {dag.py:3033} INFO - Sync 1 DAGs
[2023-12-20T00:54:23.353+0000] {logging_mixin.py:188} INFO - [2023-12-20T00:54:23.353+0000] {dag.py:3820} INFO - Setting next_dagrun for simulate_data_loading_to_postgres to 2023-01-01T00:00:00+00:00, run_after=2023-01-02T00:00:00+00:00
[2023-12-20T00:54:23.440+0000] {processor.py:183} INFO - Processing /opt/airflow/dags/script/frst.py took 0.263 seconds
[2023-12-20T00:54:53.525+0000] {processor.py:161} INFO - Started process (PID=13292) to work on /opt/airflow/dags/script/frst.py
[2023-12-20T00:54:53.526+0000] {processor.py:830} INFO - Processing file /opt/airflow/dags/script/frst.py for tasks to queue
[2023-12-20T00:54:53.527+0000] {logging_mixin.py:188} INFO - [2023-12-20T00:54:53.527+0000] {dagbag.py:538} INFO - Filling up the DagBag from /opt/airflow/dags/script/frst.py
[2023-12-20T00:54:53.535+0000] {processor.py:840} INFO - DAG(s) 'simulate_data_loading_to_postgres' retrieved from /opt/airflow/dags/script/frst.py
[2023-12-20T00:54:53.560+0000] {logging_mixin.py:188} INFO - [2023-12-20T00:54:53.559+0000] {dag.py:3033} INFO - Sync 1 DAGs
[2023-12-20T00:54:53.595+0000] {logging_mixin.py:188} INFO - [2023-12-20T00:54:53.595+0000] {dag.py:3820} INFO - Setting next_dagrun for simulate_data_loading_to_postgres to 2023-01-01T00:00:00+00:00, run_after=2023-01-02T00:00:00+00:00
[2023-12-20T00:54:53.860+0000] {processor.py:183} INFO - Processing /opt/airflow/dags/script/frst.py took 0.339 seconds
[2023-12-20T00:55:24.871+0000] {processor.py:161} INFO - Started process (PID=13346) to work on /opt/airflow/dags/script/frst.py
[2023-12-20T00:55:25.026+0000] {processor.py:830} INFO - Processing file /opt/airflow/dags/script/frst.py for tasks to queue
[2023-12-20T00:55:25.027+0000] {logging_mixin.py:188} INFO - [2023-12-20T00:55:25.027+0000] {dagbag.py:538} INFO - Filling up the DagBag from /opt/airflow/dags/script/frst.py
[2023-12-20T00:55:25.035+0000] {processor.py:840} INFO - DAG(s) 'simulate_data_loading_to_postgres' retrieved from /opt/airflow/dags/script/frst.py
[2023-12-20T00:55:25.063+0000] {logging_mixin.py:188} INFO - [2023-12-20T00:55:25.062+0000] {dag.py:3033} INFO - Sync 1 DAGs
[2023-12-20T00:55:25.100+0000] {logging_mixin.py:188} INFO - [2023-12-20T00:55:25.100+0000] {dag.py:3820} INFO - Setting next_dagrun for simulate_data_loading_to_postgres to 2023-01-01T00:00:00+00:00, run_after=2023-01-02T00:00:00+00:00
[2023-12-20T00:55:25.497+0000] {processor.py:183} INFO - Processing /opt/airflow/dags/script/frst.py took 0.631 seconds
[2023-12-20T00:55:55.557+0000] {processor.py:161} INFO - Started process (PID=13390) to work on /opt/airflow/dags/script/frst.py
[2023-12-20T00:55:55.667+0000] {processor.py:830} INFO - Processing file /opt/airflow/dags/script/frst.py for tasks to queue
[2023-12-20T00:55:55.668+0000] {logging_mixin.py:188} INFO - [2023-12-20T00:55:55.668+0000] {dagbag.py:538} INFO - Filling up the DagBag from /opt/airflow/dags/script/frst.py
[2023-12-20T00:55:55.677+0000] {processor.py:840} INFO - DAG(s) 'simulate_data_loading_to_postgres' retrieved from /opt/airflow/dags/script/frst.py
[2023-12-20T00:55:55.708+0000] {logging_mixin.py:188} INFO - [2023-12-20T00:55:55.708+0000] {dag.py:3033} INFO - Sync 1 DAGs
[2023-12-20T00:55:55.745+0000] {logging_mixin.py:188} INFO - [2023-12-20T00:55:55.744+0000] {dag.py:3820} INFO - Setting next_dagrun for simulate_data_loading_to_postgres to 2023-01-01T00:00:00+00:00, run_after=2023-01-02T00:00:00+00:00
[2023-12-20T00:55:55.975+0000] {processor.py:183} INFO - Processing /opt/airflow/dags/script/frst.py took 0.424 seconds
[2023-12-20T00:56:28.803+0000] {processor.py:161} INFO - Started process (PID=13441) to work on /opt/airflow/dags/script/frst.py
[2023-12-20T00:56:28.955+0000] {processor.py:830} INFO - Processing file /opt/airflow/dags/script/frst.py for tasks to queue
[2023-12-20T00:56:28.956+0000] {logging_mixin.py:188} INFO - [2023-12-20T00:56:28.955+0000] {dagbag.py:538} INFO - Filling up the DagBag from /opt/airflow/dags/script/frst.py
[2023-12-20T00:56:29.074+0000] {processor.py:840} INFO - DAG(s) 'simulate_data_loading_to_postgres' retrieved from /opt/airflow/dags/script/frst.py
[2023-12-20T00:56:29.096+0000] {logging_mixin.py:188} INFO - [2023-12-20T00:56:29.096+0000] {dag.py:3033} INFO - Sync 1 DAGs
[2023-12-20T00:56:29.127+0000] {logging_mixin.py:188} INFO - [2023-12-20T00:56:29.127+0000] {dag.py:3820} INFO - Setting next_dagrun for simulate_data_loading_to_postgres to 2023-01-01T00:00:00+00:00, run_after=2023-01-02T00:00:00+00:00
[2023-12-20T00:56:29.380+0000] {processor.py:183} INFO - Processing /opt/airflow/dags/script/frst.py took 0.582 seconds
[2023-12-20T00:57:01.495+0000] {processor.py:161} INFO - Started process (PID=13496) to work on /opt/airflow/dags/script/frst.py
[2023-12-20T00:57:01.671+0000] {processor.py:830} INFO - Processing file /opt/airflow/dags/script/frst.py for tasks to queue
[2023-12-20T00:57:01.673+0000] {logging_mixin.py:188} INFO - [2023-12-20T00:57:01.672+0000] {dagbag.py:538} INFO - Filling up the DagBag from /opt/airflow/dags/script/frst.py
[2023-12-20T00:57:01.680+0000] {processor.py:840} INFO - DAG(s) 'simulate_data_loading_to_postgres' retrieved from /opt/airflow/dags/script/frst.py
[2023-12-20T00:57:01.702+0000] {logging_mixin.py:188} INFO - [2023-12-20T00:57:01.702+0000] {dag.py:3033} INFO - Sync 1 DAGs
[2023-12-20T00:57:01.733+0000] {logging_mixin.py:188} INFO - [2023-12-20T00:57:01.732+0000] {dag.py:3820} INFO - Setting next_dagrun for simulate_data_loading_to_postgres to 2023-01-01T00:00:00+00:00, run_after=2023-01-02T00:00:00+00:00
[2023-12-20T00:57:01.925+0000] {processor.py:183} INFO - Processing /opt/airflow/dags/script/frst.py took 0.434 seconds
[2023-12-20T00:57:32.068+0000] {processor.py:161} INFO - Started process (PID=13550) to work on /opt/airflow/dags/script/frst.py
[2023-12-20T00:57:32.069+0000] {processor.py:830} INFO - Processing file /opt/airflow/dags/script/frst.py for tasks to queue
[2023-12-20T00:57:32.071+0000] {logging_mixin.py:188} INFO - [2023-12-20T00:57:32.070+0000] {dagbag.py:538} INFO - Filling up the DagBag from /opt/airflow/dags/script/frst.py
[2023-12-20T00:57:32.079+0000] {processor.py:840} INFO - DAG(s) 'simulate_data_loading_to_postgres' retrieved from /opt/airflow/dags/script/frst.py
[2023-12-20T00:57:32.104+0000] {logging_mixin.py:188} INFO - [2023-12-20T00:57:32.104+0000] {dag.py:3033} INFO - Sync 1 DAGs
[2023-12-20T00:57:32.136+0000] {logging_mixin.py:188} INFO - [2023-12-20T00:57:32.136+0000] {dag.py:3820} INFO - Setting next_dagrun for simulate_data_loading_to_postgres to 2023-01-01T00:00:00+00:00, run_after=2023-01-02T00:00:00+00:00
[2023-12-20T00:57:32.726+0000] {processor.py:183} INFO - Processing /opt/airflow/dags/script/frst.py took 0.663 seconds
[2023-12-20T00:58:06.728+0000] {processor.py:161} INFO - Started process (PID=13593) to work on /opt/airflow/dags/script/frst.py
[2023-12-20T00:58:06.738+0000] {processor.py:830} INFO - Processing file /opt/airflow/dags/script/frst.py for tasks to queue
[2023-12-20T00:58:06.739+0000] {logging_mixin.py:188} INFO - [2023-12-20T00:58:06.738+0000] {dagbag.py:538} INFO - Filling up the DagBag from /opt/airflow/dags/script/frst.py
[2023-12-20T00:58:06.745+0000] {processor.py:840} INFO - DAG(s) 'simulate_data_loading_to_postgres' retrieved from /opt/airflow/dags/script/frst.py
[2023-12-20T00:58:06.772+0000] {logging_mixin.py:188} INFO - [2023-12-20T00:58:06.771+0000] {dag.py:3033} INFO - Sync 1 DAGs
[2023-12-20T00:58:06.810+0000] {logging_mixin.py:188} INFO - [2023-12-20T00:58:06.810+0000] {dag.py:3820} INFO - Setting next_dagrun for simulate_data_loading_to_postgres to 2023-01-01T00:00:00+00:00, run_after=2023-01-02T00:00:00+00:00
[2023-12-20T00:58:07.794+0000] {processor.py:183} INFO - Processing /opt/airflow/dags/script/frst.py took 1.070 seconds
[2023-12-20T00:58:54.718+0000] {processor.py:161} INFO - Started process (PID=13645) to work on /opt/airflow/dags/script/frst.py
[2023-12-20T00:58:54.972+0000] {processor.py:830} INFO - Processing file /opt/airflow/dags/script/frst.py for tasks to queue
[2023-12-20T00:58:54.973+0000] {logging_mixin.py:188} INFO - [2023-12-20T00:58:54.973+0000] {dagbag.py:538} INFO - Filling up the DagBag from /opt/airflow/dags/script/frst.py
[2023-12-20T00:58:54.979+0000] {processor.py:840} INFO - DAG(s) 'simulate_data_loading_to_postgres' retrieved from /opt/airflow/dags/script/frst.py
[2023-12-20T00:58:55.002+0000] {logging_mixin.py:188} INFO - [2023-12-20T00:58:55.001+0000] {dag.py:3033} INFO - Sync 1 DAGs
[2023-12-20T00:58:55.031+0000] {logging_mixin.py:188} INFO - [2023-12-20T00:58:55.031+0000] {dag.py:3820} INFO - Setting next_dagrun for simulate_data_loading_to_postgres to 2023-01-01T00:00:00+00:00, run_after=2023-01-02T00:00:00+00:00
[2023-12-20T00:58:55.534+0000] {processor.py:183} INFO - Processing /opt/airflow/dags/script/frst.py took 0.820 seconds
[2023-12-20T00:59:27.118+0000] {processor.py:161} INFO - Started process (PID=13697) to work on /opt/airflow/dags/script/frst.py
[2023-12-20T00:59:27.397+0000] {processor.py:830} INFO - Processing file /opt/airflow/dags/script/frst.py for tasks to queue
[2023-12-20T00:59:27.398+0000] {logging_mixin.py:188} INFO - [2023-12-20T00:59:27.398+0000] {dagbag.py:538} INFO - Filling up the DagBag from /opt/airflow/dags/script/frst.py
[2023-12-20T00:59:27.405+0000] {processor.py:840} INFO - DAG(s) 'simulate_data_loading_to_postgres' retrieved from /opt/airflow/dags/script/frst.py
[2023-12-20T00:59:27.428+0000] {logging_mixin.py:188} INFO - [2023-12-20T00:59:27.428+0000] {dag.py:3033} INFO - Sync 1 DAGs
[2023-12-20T00:59:27.465+0000] {logging_mixin.py:188} INFO - [2023-12-20T00:59:27.465+0000] {dag.py:3820} INFO - Setting next_dagrun for simulate_data_loading_to_postgres to 2023-01-01T00:00:00+00:00, run_after=2023-01-02T00:00:00+00:00
[2023-12-20T00:59:28.209+0000] {processor.py:183} INFO - Processing /opt/airflow/dags/script/frst.py took 1.096 seconds
